<?xml version="1.0" encoding="UTF-8"?>
<!-- Generated by org.testng.reporters.JUnitXMLReporter -->
<testsuite ignored="5" hostname="senthils-MacBook-Pro-2.local" failures="0" tests="1" name="Default test" time="17.414" errors="0" timestamp="09 Jun 2021 03:40:31 GMT">
  <testcase classname="nativeapp.Nativetest" name="testcase6" time="9.024"/>
  <testcase classname="nativeapp.Nativetest" name="testcase3" time="0.0">
    <ignored/>
  </testcase> <!-- testcase3 -->
  <testcase classname="nativeapp.Nativetest" name="testcase2" time="0.0">
    <ignored/>
  </testcase> <!-- testcase2 -->
  <testcase classname="nativeapp.Nativetest" name="testcase5" time="0.0">
    <ignored/>
  </testcase> <!-- testcase5 -->
  <testcase classname="nativeapp.Nativetest" name="testcase4" time="0.0">
    <ignored/>
  </testcase> <!-- testcase4 -->
  <testcase classname="nativeapp.Nativetest" name="testcase1" time="0.0">
    <ignored/>
  </testcase> <!-- testcase1 -->
</testsuite> <!-- Default test -->
