<?xml version="1.0" encoding="UTF-8"?>
<testng-results ignored="5" total="6" passed="1" failed="0" skipped="0">
  <reporter-output>
  </reporter-output>
  <suite started-at="2021-06-09T03:40:14Z" name="Default suite" finished-at="2021-06-09T03:40:31Z" duration-ms="17414">
    <groups>
    </groups>
    <test started-at="2021-06-09T03:40:14Z" name="Default test" finished-at="2021-06-09T03:40:31Z" duration-ms="17414">
      <class name="nativeapp.Nativetest">
        <test-method is-config="true" signature="setup()[pri:0, instance:nativeapp.Nativetest@41005828]" started-at="2021-06-09T03:40:14Z" name="setup" finished-at="2021-06-09T03:40:22Z" duration-ms="8373" status="PASS">
          <reporter-output>
          </reporter-output>
        </test-method> <!-- setup -->
        <test-method signature="testcase6()[pri:0, instance:nativeapp.Nativetest@41005828]" started-at="2021-06-09T03:40:22Z" name="testcase6" finished-at="2021-06-09T03:40:31Z" duration-ms="9024" status="PASS">
          <reporter-output>
          </reporter-output>
        </test-method> <!-- testcase6 -->
      </class> <!-- nativeapp.Nativetest -->
    </test> <!-- Default test -->
  </suite> <!-- Default suite -->
</testng-results>
